  Clear.cpp
C:\Users\georg\Documents\GitHub\CyberHren3\SDLprjct\m.h(30,2): warning C4091: 'static ': ignored on left of 'm' when no variable is declared
  IntToStr.cpp
C:\Users\georg\Documents\GitHub\CyberHren3\SDLprjct\m.h(30,2): warning C4091: 'static ': ignored on left of 'm' when no variable is declared
  NumLen.cpp
C:\Users\georg\Documents\GitHub\CyberHren3\SDLprjct\m.h(30,2): warning C4091: 'static ': ignored on left of 'm' when no variable is declared
  Points.cpp
C:\Users\georg\Documents\GitHub\CyberHren3\SDLprjct\m.h(30,2): warning C4091: 'static ': ignored on left of 'm' when no variable is declared
  Present.cpp
C:\Users\georg\Documents\GitHub\CyberHren3\SDLprjct\m.h(30,2): warning C4091: 'static ': ignored on left of 'm' when no variable is declared
  Textures.cpp
C:\Users\georg\Documents\GitHub\CyberHren3\SDLprjct\m.h(30,2): warning C4091: 'static ': ignored on left of 'm' when no variable is declared
  forms.cpp
C:\Users\georg\Documents\GitHub\CyberHren3\SDLprjct\m.h(30,2): warning C4091: 'static ': ignored on left of 'm' when no variable is declared
  main.cpp
C:\Users\georg\Documents\GitHub\CyberHren3\SDLprjct\m.h(30,2): warning C4091: 'static ': ignored on left of 'm' when no variable is declared
C:\Users\georg\Documents\GitHub\CyberHren3\SDLprjct\UI.h(24,2): warning C4091: 'static ': ignored on left of 'UI' when no variable is declared
  xLine.cpp
C:\Users\georg\Documents\GitHub\CyberHren3\SDLprjct\m.h(30,2): warning C4091: 'static ': ignored on left of 'm' when no variable is declared
  Generating Code...
  SDLprjct.vcxproj -> C:\Users\georg\Documents\GitHub\CyberHren3\x64\Debug\SDLprjct.exe
